    901 .py
     88 .md
     49 .jpg
     46 .txt
     45 .png
     45 
     39 .sh
     36 .sample
     18 .cpp
     14 .cu
     13 .pkl
     13 .h
      7 .hpp
      6 .pyx
      6 .mat
      6 .inl
      5 .npz
      4 .yaml
      4 .gitignore
      3 .yml
      3 .pack
      3 .npy
      3 .idx
      3 .html
      3 .c
      3 .5g.py
      2 .py.bak
      2 .5g_bnkps.py
      2 .3g.py
      1 .toml
      1 .tar
      1 .py.orig
      1 .lib
      1 .json
      1 .ipynb
      1 .ini
      1 .gitmodules
      1 .gitkeep
      1 .gitattributes
      1 .gif
      1 .conf
      1 .cfg
      1 .bin
      1 .5g_0.py
      1 .5_instance.py
